<?xml version="1.0" encoding="UTF-8"?>
<!-- Generated by org.testng.reporters.JUnitReportReporter -->
<testsuite hostname="Owner-PC" name="HostelworldTests.section2.HostelsSortOrderTest" tests="4" failures="0" timestamp="10 Jun 2016 13:32:55 GMT" time="24.201" errors="0">
  <testcase name="useCase1SortByName" time="9.406" classname="HostelworldTests.section2.HostelsSortOrderTest"/>
  <testcase name="useCase2SortByPrice" time="3.785" classname="HostelworldTests.section2.HostelsSortOrderTest"/>
  <testcase name="goToHomepage" time="5.026" classname="HostelworldTests.section2.HostelsSortOrderTest"/>
  <testcase name="searchProperties" time="5.984" classname="HostelworldTests.section2.HostelsSortOrderTest"/>
</testsuite> <!-- HostelworldTests.section2.HostelsSortOrderTest -->
