<?xml version="1.0" encoding="UTF-8"?>
<!-- Generated by org.testng.reporters.JUnitReportReporter -->
<testsuite hostname="Owner-PC" name="HostelworldTests.section2.HostelsSortOrderTest" tests="4" failures="0" timestamp="9 Jun 2016 10:23:28 GMT" time="23.155" errors="0">
  <testcase name="useCase2SortByPrice" time="5.392" classname="HostelworldTests.section2.HostelsSortOrderTest"/>
  <testcase name="searchProperties" time="6.938" classname="HostelworldTests.section2.HostelsSortOrderTest"/>
  <testcase name="goToHomepage" time="5.586" classname="HostelworldTests.section2.HostelsSortOrderTest"/>
  <testcase name="useCase1SortByName" time="5.239" classname="HostelworldTests.section2.HostelsSortOrderTest"/>
</testsuite> <!-- HostelworldTests.section2.HostelsSortOrderTest -->
