<?xml version="1.0" encoding="UTF-8"?>
<!-- Generated by org.testng.reporters.JUnitReportReporter -->
<testsuite hostname="Owner-PC" name="HostelworldTests.section2.HostelsSortOrderTest" tests="4" failures="0" timestamp="10 Jun 2016 11:05:14 GMT" time="30.377" errors="0">
  <testcase name="useCase1SortByName" time="9.843" classname="HostelworldTests.section2.HostelsSortOrderTest"/>
  <testcase name="useCase2SortByPrice" time="4.210" classname="HostelworldTests.section2.HostelsSortOrderTest"/>
  <testcase name="searchProperties" time="10.447" classname="HostelworldTests.section2.HostelsSortOrderTest"/>
  <testcase name="goToHomepage" time="5.877" classname="HostelworldTests.section2.HostelsSortOrderTest"/>
</testsuite> <!-- HostelworldTests.section2.HostelsSortOrderTest -->
